Traceback (most recent call last):
  File "/mnt/c/Users/jgomez/Desktop/opensees/RDC_PERFORM/temp_modal_test.py", line 4, in <module>
    from explicit_model import build_model
  File "/mnt/c/Users/jgomez/Desktop/opensees/RDC_PERFORM/out/explicit_model.py", line 3, in <module>
    from openseespy.opensees import *  # noqa
    ^^^^^^^^^^^^^^^^^^^^^^^^^^^^^^^^^
ModuleNotFoundError: No module named 'openseespy'
Traceback (most recent call last):
  File "/mnt/c/Users/jgomez/Desktop/opensees/RDC_PERFORM/temp_modal_test.py", line 4, in <module>
    from explicit_model import build_model
  File "/mnt/c/Users/jgomez/Desktop/opensees/RDC_PERFORM/out/explicit_model.py", line 3, in <module>
    from openseespy.opensees import *  # noqa
    ^^^^^^^^^^^^^^^^^^^^^^^^^^^^^^^^^
ModuleNotFoundError: No module named 'openseespy'

================================================================================
TESTING MODEL: Ejemplo
================================================================================

‚úì Config updated to use models/Ejemplo.e2k

üì¶ Generating explicit model for Ejemplo...
‚úì Explicit model generated

üß™ Running modal analysis test for Ejemplo...


================================================================================
TESTING MODEL: EjemploNew
================================================================================

‚úì Config updated to use models/EjemploNew.e2k

üì¶ Generating explicit model for EjemploNew...
‚úì Explicit model generated

üß™ Running modal analysis test for EjemploNew...


================================================================================
SUMMARY
================================================================================

‚ùå Ejemplo        : MODAL_FAILED
‚ùå EjemploNew     : MODAL_FAILED

